2019-12-02 17:52:52.474  INFO 76790 --- [main] c.e.apigateway.ZuulGatewayApplication    : The following profiles are active: test
2019-12-02 17:52:53.962  INFO 76790 --- [main] .s.d.r.c.RepositoryConfigurationDelegate : Bootstrapping Spring Data repositories in DEFAULT mode.
2019-12-02 17:52:54.004  INFO 76790 --- [main] .s.d.r.c.RepositoryConfigurationDelegate : Finished Spring Data repository scanning in 27ms. Found 0 repository interfaces.
2019-12-02 17:52:54.255  WARN 76790 --- [main] o.s.boot.actuate.endpoint.EndpointId     : Endpoint ID 'service-registry' contains invalid characters, please migrate to a valid format.
2019-12-02 17:52:54.276  WARN 76790 --- [main] o.s.boot.actuate.endpoint.EndpointId     : Endpoint ID 'hystrix.stream' contains invalid characters, please migrate to a valid format.
2019-12-02 17:52:54.691  INFO 76790 --- [main] o.s.cloud.context.scope.GenericScope     : BeanFactory id=27720524-e6f6-31ef-b147-cbbbacec699d
2019-12-02 17:52:54.898  INFO 76790 --- [main] trationDelegate$BeanPostProcessorChecker : Bean 'org.springframework.transaction.annotation.ProxyTransactionManagementConfiguration' of type [org.springframework.transaction.annotation.ProxyTransactionManagementConfiguration$$EnhancerBySpringCGLIB$$8ac96cb0] is not eligible for getting processed by all BeanPostProcessors (for example: not eligible for auto-proxying)
2019-12-02 17:52:55.158  INFO 76790 --- [main] trationDelegate$BeanPostProcessorChecker : Bean 'org.springframework.cloud.autoconfigure.ConfigurationPropertiesRebinderAutoConfiguration' of type [org.springframework.cloud.autoconfigure.ConfigurationPropertiesRebinderAutoConfiguration$$EnhancerBySpringCGLIB$$a6e36fad] is not eligible for getting processed by all BeanPostProcessors (for example: not eligible for auto-proxying)
2019-12-02 17:52:55.503  INFO 76790 --- [main] o.s.b.w.embedded.tomcat.TomcatWebServer  : Tomcat initialized with port(s): 8080 (http)
2019-12-02 17:52:55.534  INFO 76790 --- [main] o.apache.catalina.core.StandardService   : Starting service [Tomcat]
2019-12-02 17:52:55.535  INFO 76790 --- [main] org.apache.catalina.core.StandardEngine  : Starting Servlet engine: [Apache Tomcat/9.0.21]
2019-12-02 17:52:55.649  INFO 76790 --- [main] o.a.c.c.C.[Tomcat].[localhost].[/]       : Initializing Spring embedded WebApplicationContext
2019-12-02 17:52:55.649  INFO 76790 --- [main] o.s.web.context.ContextLoader            : Root WebApplicationContext: initialization completed in 3150 ms
2019-12-02 17:52:55.807  WARN 76790 --- [main] c.n.c.sources.URLConfigurationSource     : No URLs will be polled as dynamic configuration sources.
2019-12-02 17:52:55.807  INFO 76790 --- [main] c.n.c.sources.URLConfigurationSource     : To enable URLs as dynamic configuration sources, define System property archaius.configurationSource.additionalUrls or make config.properties available on classpath.
2019-12-02 17:52:55.827  INFO 76790 --- [main] c.netflix.config.DynamicPropertyFactory  : DynamicPropertyFactory is initialized with configuration sources: com.netflix.config.ConcurrentCompositeConfiguration@d9df797
2019-12-02 17:52:57.287  INFO 76790 --- [main] com.zaxxer.hikari.HikariDataSource       : HikariPool-1 - Starting...
2019-12-02 17:52:57.589  INFO 76790 --- [main] com.zaxxer.hikari.HikariDataSource       : HikariPool-1 - Start completed.
2019-12-02 17:52:57.706  INFO 76790 --- [main] o.hibernate.jpa.internal.util.LogHelper  : HHH000204: Processing PersistenceUnitInfo [
	name: default
	...]
2019-12-02 17:52:57.883  INFO 76790 --- [main] org.hibernate.Version                    : HHH000412: Hibernate Core {5.3.10.Final}
2019-12-02 17:52:57.888  INFO 76790 --- [main] org.hibernate.cfg.Environment            : HHH000206: hibernate.properties not found
2019-12-02 17:52:58.120  INFO 76790 --- [main] o.hibernate.annotations.common.Version   : HCANN000001: Hibernate Commons Annotations {5.0.4.Final}
2019-12-02 17:52:58.337  INFO 76790 --- [main] org.hibernate.dialect.Dialect            : HHH000400: Using dialect: org.hibernate.dialect.H2Dialect
2019-12-02 17:52:58.746  INFO 76790 --- [main] o.h.t.schema.internal.SchemaCreatorImpl  : HHH000476: Executing import script 'org.hibernate.tool.schema.internal.exec.ScriptSourceInputNonExistentImpl@2273603e'
2019-12-02 17:52:58.753  INFO 76790 --- [main] j.LocalContainerEntityManagerFactoryBean : Initialized JPA EntityManagerFactory for persistence unit 'default'
2019-12-02 17:52:59.081  WARN 76790 --- [main] o.s.security.core.userdetails.User       : User.withDefaultPasswordEncoder() is considered unsafe for production and is only intended for sample applications.
2019-12-02 17:52:59.461  WARN 76790 --- [main] aWebConfiguration$JpaWebMvcConfiguration : spring.jpa.open-in-view is enabled by default. Therefore, database queries may be performed during view rendering. Explicitly configure spring.jpa.open-in-view to disable this warning
2019-12-02 17:52:59.844  INFO 76790 --- [main] o.s.b.a.e.web.EndpointLinksResolver      : Exposing 2 endpoint(s) beneath base path '/actuator'
2019-12-02 17:52:59.958  INFO 76790 --- [main] o.s.s.web.DefaultSecurityFilterChain     : Creating filter chain: any request, [org.springframework.security.web.context.request.async.WebAsyncManagerIntegrationFilter@56c8c510, org.springframework.security.web.context.SecurityContextPersistenceFilter@3803b404, org.springframework.security.web.header.HeaderWriterFilter@1ad027d4, org.springframework.web.filter.CorsFilter@38f9d46e, org.springframework.security.web.authentication.logout.LogoutFilter@6932814f, com.example.apigateway.config.JwtRequestFilter@6468d77f, org.springframework.security.web.authentication.www.BasicAuthenticationFilter@f77c280, org.springframework.security.web.savedrequest.RequestCacheAwareFilter@124c71a7, org.springframework.security.web.servletapi.SecurityContextHolderAwareRequestFilter@6e9d5f3e, org.springframework.security.web.authentication.AnonymousAuthenticationFilter@69d41a20, org.springframework.security.web.session.SessionManagementFilter@4ed475e8, org.springframework.security.web.access.ExceptionTranslationFilter@3e613cfa, org.springframework.security.web.access.intercept.FilterSecurityInterceptor@6fb79645]
2019-12-02 17:53:00.011  WARN 76790 --- [main] c.n.c.sources.URLConfigurationSource     : No URLs will be polled as dynamic configuration sources.
2019-12-02 17:53:00.011  INFO 76790 --- [main] c.n.c.sources.URLConfigurationSource     : To enable URLs as dynamic configuration sources, define System property archaius.configurationSource.additionalUrls or make config.properties available on classpath.
2019-12-02 17:53:00.395  INFO 76790 --- [main] o.s.s.concurrent.ThreadPoolTaskExecutor  : Initializing ExecutorService 'applicationTaskExecutor'
2019-12-02 17:53:01.386  INFO 76790 --- [main] o.s.c.n.zuul.ZuulFilterInitializer       : Starting filter initializer
2019-12-02 17:53:01.513  INFO 76790 --- [main] o.s.c.n.eureka.InstanceInfoFactory       : Setting initial instance status as: STARTING
2019-12-02 17:53:01.674  INFO 76790 --- [main] com.netflix.discovery.DiscoveryClient    : Initializing Eureka in region us-east-1
2019-12-02 17:53:01.935  INFO 76790 --- [main] c.n.d.provider.DiscoveryJerseyProvider   : Using JSON encoding codec LegacyJacksonJson
2019-12-02 17:53:01.936  INFO 76790 --- [main] c.n.d.provider.DiscoveryJerseyProvider   : Using JSON decoding codec LegacyJacksonJson
2019-12-02 17:53:02.216  INFO 76790 --- [main] c.n.d.provider.DiscoveryJerseyProvider   : Using XML encoding codec XStreamXml
2019-12-02 17:53:02.218  INFO 76790 --- [main] c.n.d.provider.DiscoveryJerseyProvider   : Using XML decoding codec XStreamXml
2019-12-02 17:53:02.656  INFO 76790 --- [main] c.n.d.s.r.aws.ConfigClusterResolver      : Resolving eureka endpoints via configuration
2019-12-02 17:53:02.794  INFO 76790 --- [main] com.netflix.discovery.DiscoveryClient    : Disable delta property : false
2019-12-02 17:53:02.795  INFO 76790 --- [main] com.netflix.discovery.DiscoveryClient    : Single vip registry refresh property : null
2019-12-02 17:53:02.795  INFO 76790 --- [main] com.netflix.discovery.DiscoveryClient    : Force full registry fetch : false
2019-12-02 17:53:02.796  INFO 76790 --- [main] com.netflix.discovery.DiscoveryClient    : Application is null : false
2019-12-02 17:53:02.796  INFO 76790 --- [main] com.netflix.discovery.DiscoveryClient    : Registered Applications size is zero : true
2019-12-02 17:53:02.796  INFO 76790 --- [main] com.netflix.discovery.DiscoveryClient    : Application version is -1: true
2019-12-02 17:53:02.797  INFO 76790 --- [main] com.netflix.discovery.DiscoveryClient    : Getting all instance registry info from the eureka server
2019-12-02 17:53:03.171  INFO 76790 --- [main] com.netflix.discovery.DiscoveryClient    : The response status is 200
2019-12-02 17:53:03.174  INFO 76790 --- [main] com.netflix.discovery.DiscoveryClient    : Starting heartbeat executor: renew interval is: 30
2019-12-02 17:53:03.177  INFO 76790 --- [main] c.n.discovery.InstanceInfoReplicator     : InstanceInfoReplicator onDemand update allowed rate per min is 4
2019-12-02 17:53:03.182  INFO 76790 --- [main] com.netflix.discovery.DiscoveryClient    : Discovery Client initialized at timestamp 1575327183180 with initial instances count: 0
2019-12-02 17:53:03.187  INFO 76790 --- [main] o.s.c.n.e.s.EurekaServiceRegistry        : Registering application API-GATEWAY with eureka with status UP
2019-12-02 17:53:03.188  INFO 76790 --- [main] com.netflix.discovery.DiscoveryClient    : Saw local status change event StatusChangeEvent [timestamp=1575327183188, current=UP, previous=STARTING]
2019-12-02 17:53:03.190  INFO 76790 --- [DiscoveryClient-InstanceInfoReplicator-0] com.netflix.discovery.DiscoveryClient    : DiscoveryClient_API-GATEWAY/192.168.1.3:api-gateway: registering service...
2019-12-02 17:53:03.349  INFO 76790 --- [main] o.s.b.w.embedded.tomcat.TomcatWebServer  : Tomcat started on port(s): 8080 (http) with context path ''
2019-12-02 17:53:03.351  INFO 76790 --- [main] .s.c.n.e.s.EurekaAutoServiceRegistration : Updating port to 8080
2019-12-02 17:53:03.359  INFO 76790 --- [main] c.e.apigateway.ZuulGatewayApplication    : Started ZuulGatewayApplication in 21.933 seconds (JVM running for 26.612)
2019-12-02 17:53:03.390  INFO 76790 --- [DiscoveryClient-InstanceInfoReplicator-0] com.netflix.discovery.DiscoveryClient    : DiscoveryClient_API-GATEWAY/192.168.1.3:api-gateway - registration status: 204
2019-12-02 17:53:33.180  INFO 76790 --- [DiscoveryClient-CacheRefreshExecutor-0] com.netflix.discovery.DiscoveryClient    : Disable delta property : false
2019-12-02 17:53:33.183  INFO 76790 --- [DiscoveryClient-CacheRefreshExecutor-0] com.netflix.discovery.DiscoveryClient    : Single vip registry refresh property : null
2019-12-02 17:53:33.184  INFO 76790 --- [DiscoveryClient-CacheRefreshExecutor-0] com.netflix.discovery.DiscoveryClient    : Force full registry fetch : false
2019-12-02 17:53:33.185  INFO 76790 --- [DiscoveryClient-CacheRefreshExecutor-0] com.netflix.discovery.DiscoveryClient    : Application is null : false
2019-12-02 17:53:33.186  INFO 76790 --- [DiscoveryClient-CacheRefreshExecutor-0] com.netflix.discovery.DiscoveryClient    : Registered Applications size is zero : true
2019-12-02 17:53:33.186  INFO 76790 --- [DiscoveryClient-CacheRefreshExecutor-0] com.netflix.discovery.DiscoveryClient    : Application version is -1: false
2019-12-02 17:53:33.186  INFO 76790 --- [DiscoveryClient-CacheRefreshExecutor-0] com.netflix.discovery.DiscoveryClient    : Getting all instance registry info from the eureka server
2019-12-02 17:53:33.296  INFO 76790 --- [DiscoveryClient-CacheRefreshExecutor-0] com.netflix.discovery.DiscoveryClient    : The response status is 200
2019-12-02 17:58:02.817  INFO 76790 --- [AsyncResolver-bootstrap-executor-0] c.n.d.s.r.aws.ConfigClusterResolver      : Resolving eureka endpoints via configuration
2019-12-02 18:03:02.837  INFO 76790 --- [AsyncResolver-bootstrap-executor-0] c.n.d.s.r.aws.ConfigClusterResolver      : Resolving eureka endpoints via configuration
2019-12-02 18:08:02.844  INFO 76790 --- [AsyncResolver-bootstrap-executor-0] c.n.d.s.r.aws.ConfigClusterResolver      : Resolving eureka endpoints via configuration
2019-12-02 18:09:33.803 ERROR 76790 --- [DiscoveryClient-CacheRefreshExecutor-0] com.netflix.discovery.DiscoveryClient    : DiscoveryClient_API-GATEWAY/192.168.1.3:api-gateway - was unable to refresh its cache! status = com.netflix.servo.monitor.Monitors.isObjectRegistered(Ljava/lang/String;Ljava/lang/Object;)Z

java.lang.NoSuchMethodError: com.netflix.servo.monitor.Monitors.isObjectRegistered(Ljava/lang/String;Ljava/lang/Object;)Z
	at com.netflix.discovery.shared.transport.decorator.RetryableEurekaHttpClient.shutdown(RetryableEurekaHttpClient.java:92) ~[eureka-client-1.9.13.jar:1.9.13]
	at com.netflix.discovery.shared.transport.TransportUtils.shutdown(TransportUtils.java:40) ~[eureka-client-1.9.13.jar:1.9.13]
	at com.netflix.discovery.shared.transport.decorator.SessionedEurekaHttpClient.execute(SessionedEurekaHttpClient.java:70) ~[eureka-client-1.9.13.jar:1.9.13]
	at com.netflix.discovery.shared.transport.decorator.EurekaHttpClientDecorator.getDelta(EurekaHttpClientDecorator.java:149) ~[eureka-client-1.9.13.jar:1.9.13]
	at com.netflix.discovery.DiscoveryClient.getAndUpdateDelta(DiscoveryClient.java:1103) [eureka-client-1.9.13.jar:1.9.13]
	at com.netflix.discovery.DiscoveryClient.fetchRegistry(DiscoveryClient.java:985) [eureka-client-1.9.13.jar:1.9.13]
	at com.netflix.discovery.DiscoveryClient.refreshRegistry(DiscoveryClient.java:1497) [eureka-client-1.9.13.jar:1.9.13]
	at com.netflix.discovery.DiscoveryClient$CacheRefreshThread.run(DiscoveryClient.java:1464) [eureka-client-1.9.13.jar:1.9.13]
	at java.util.concurrent.Executors$RunnableAdapter.call(Executors.java:511) [na:1.8.0_221]
	at java.util.concurrent.FutureTask.run(FutureTask.java:266) [na:1.8.0_221]
	at java.util.concurrent.ThreadPoolExecutor.runWorker(ThreadPoolExecutor.java:1149) [na:1.8.0_221]
	at java.util.concurrent.ThreadPoolExecutor$Worker.run(ThreadPoolExecutor.java:624) [na:1.8.0_221]
	at java.lang.Thread.run(Thread.java:748) [na:1.8.0_221]

2019-12-02 18:13:02.857  INFO 76790 --- [AsyncResolver-bootstrap-executor-0] c.n.d.s.r.aws.ConfigClusterResolver      : Resolving eureka endpoints via configuration
2019-12-02 18:18:02.868  INFO 76790 --- [AsyncResolver-bootstrap-executor-0] c.n.d.s.r.aws.ConfigClusterResolver      : Resolving eureka endpoints via configuration
2019-12-02 18:18:03.764 ERROR 76790 --- [DiscoveryClient-HeartbeatExecutor-0] com.netflix.discovery.DiscoveryClient    : DiscoveryClient_API-GATEWAY/192.168.1.3:api-gateway - was unable to send heartbeat!

java.lang.NoSuchMethodError: com.netflix.servo.monitor.Monitors.isObjectRegistered(Ljava/lang/String;Ljava/lang/Object;)Z
	at com.netflix.discovery.shared.transport.decorator.RetryableEurekaHttpClient.shutdown(RetryableEurekaHttpClient.java:92) ~[eureka-client-1.9.13.jar:1.9.13]
	at com.netflix.discovery.shared.transport.TransportUtils.shutdown(TransportUtils.java:40) ~[eureka-client-1.9.13.jar:1.9.13]
	at com.netflix.discovery.shared.transport.decorator.SessionedEurekaHttpClient.execute(SessionedEurekaHttpClient.java:70) ~[eureka-client-1.9.13.jar:1.9.13]
	at com.netflix.discovery.shared.transport.decorator.EurekaHttpClientDecorator.sendHeartBeat(EurekaHttpClientDecorator.java:89) ~[eureka-client-1.9.13.jar:1.9.13]
	at com.netflix.discovery.DiscoveryClient.renew(DiscoveryClient.java:864) ~[eureka-client-1.9.13.jar:1.9.13]
	at com.netflix.discovery.DiscoveryClient$HeartbeatThread.run(DiscoveryClient.java:1423) [eureka-client-1.9.13.jar:1.9.13]
	at java.util.concurrent.Executors$RunnableAdapter.call(Executors.java:511) [na:1.8.0_221]
	at java.util.concurrent.FutureTask.run(FutureTask.java:266) [na:1.8.0_221]
	at java.util.concurrent.ThreadPoolExecutor.runWorker(ThreadPoolExecutor.java:1149) [na:1.8.0_221]
	at java.util.concurrent.ThreadPoolExecutor$Worker.run(ThreadPoolExecutor.java:624) [na:1.8.0_221]
	at java.lang.Thread.run(Thread.java:748) [na:1.8.0_221]

2019-12-02 18:23:02.882  INFO 76790 --- [AsyncResolver-bootstrap-executor-0] c.n.d.s.r.aws.ConfigClusterResolver      : Resolving eureka endpoints via configuration
